[01m[K/mnt/c/Users/nacho/OneDrive/Escritorio/Uni/Trabajo/TutorialROS2/arduinobot_ws/src/arduinobot_cpp_examples/src/simple_subscriber.cpp:9:60:[m[K [01;31m[Kerror: [m[Kexpected â€˜[01m[K;[m[Kâ€™ at end of member declaration
    9 |     rclcpp::Subscription<std_msgs::msg::String>::SharedPtr [01;31m[Ksub_[m[K
      |                                                            [01;31m[K^~~~[m[K
      |                                                                [32m[K;[m[K
[01m[K/mnt/c/Users/nacho/OneDrive/Escritorio/Uni/Trabajo/TutorialROS2/arduinobot_ws/src/arduinobot_cpp_examples/src/simple_subscriber.cpp:[m[K In constructor â€˜[01m[KSimpleSubscriber::[01;32m[KSimpleSubscriber[m[K()[m[Kâ€™:
[01m[K/mnt/c/Users/nacho/OneDrive/Escritorio/Uni/Trabajo/TutorialROS2/arduinobot_ws/src/arduinobot_cpp_examples/src/simple_subscriber.cpp:13:83:[m[K [01;31m[Kerror: [m[Kâ€˜[01m[KSipleSubscriber[m[Kâ€™ has not been declared
   13 |        sub_ = create_subscription<std_msgs::msg::String>("chatter", 10, std::bind([01;31m[KSipleSubscriber[m[K::msgCallback, this,, _1));
      |                                                                                   [01;31m[K^~~~~~~~~~~~~~~[m[K
[01m[K/mnt/c/Users/nacho/OneDrive/Escritorio/Uni/Trabajo/TutorialROS2/arduinobot_ws/src/arduinobot_cpp_examples/src/simple_subscriber.cpp:13:118:[m[K [01;31m[Kerror: [m[Kexpected primary-expression before â€˜[01m[K,[m[Kâ€™ token
   13 |        sub_ = create_subscription<std_msgs::msg::String>("chatter", 10, std::bind(SipleSubscriber::msgCallback, this,[01;31m[K,[m[K _1));
      |                                                                                                                      [01;31m[K^[m[K
gmake[2]: *** [CMakeFiles/simple_subscriber.dir/build.make:76: CMakeFiles/simple_subscriber.dir/src/simple_subscriber.cpp.o] Error 1
gmake[1]: *** [CMakeFiles/Makefile2:165: CMakeFiles/simple_subscriber.dir/all] Error 2
gmake: *** [Makefile:146: all] Error 2
