gmake[2]: Warning: File 'CMakeFiles/simple_publisher.dir/compiler_depend.make' has modification time 0.11 s in the future
gmake[2]: Warning: File 'CMakeFiles/simple_subscriber.dir/compiler_depend.make' has modification time 0.11 s in the future
gmake[2]: warning:  Clock skew detected.  Your build may be incomplete.
gmake[2]: warning:  Clock skew detected.  Your build may be incomplete.
[01m[K/mnt/c/Users/nacho/OneDrive/Escritorio/Uni/Trabajo/TutorialROS2/arduinobot_ws/src/arduinobot_cpp_examples/src/simple_parameter.cpp:[m[K In constructor â€˜[01m[KSimpleParameter::[01;32m[KSimpleParameter[m[K()[m[Kâ€™:
[01m[K/mnt/c/Users/nacho/OneDrive/Escritorio/Uni/Trabajo/TutorialROS2/arduinobot_ws/src/arduinobot_cpp_examples/src/simple_parameter.cpp:18:47:[m[K [01;31m[Kerror: [m[Kâ€˜[01m[KSiimpleParameter[m[Kâ€™ has not been declared
   18 |     add_on_set_parameters_callback(std::bind(&[01;31m[KSiimpleParameter[m[K::paramChangeCallback))
      |                                               [01;31m[K^~~~~~~~~~~~~~~~[m[K
gmake[2]: *** [CMakeFiles/simple_parameter.dir/build.make:76: CMakeFiles/simple_parameter.dir/src/simple_parameter.cpp.o] Error 1
gmake[1]: *** [CMakeFiles/Makefile2:193: CMakeFiles/simple_parameter.dir/all] Error 2
gmake: *** [Makefile:146: all] Error 2
