[0.330s] Invoking command in '/mnt/c/Users/nacho/OneDrive/Escritorio/Uni/Trabajo/TutorialROS2/arduinobot_ws/build/arduinobot_cpp_examples': CMAKE_PREFIX_PATH=${CMAKE_PREFIX_PATH}:/mnt/c/Users/nacho/OneDrive/Escritorio/Uni/Trabajo/TutorialROS2/arduinobot_ws/install/arduinobot_py_examples:/opt/ros/jazzy /usr/bin/cmake --build /mnt/c/Users/nacho/OneDrive/Escritorio/Uni/Trabajo/TutorialROS2/arduinobot_ws/build/arduinobot_cpp_examples -- -j20 -l20
[0.645s] [ 66%] Built target simple_publisher
[0.647s] [ 66%] Built target simple_subscriber
[1.115s] gmake[2]: Warning: File 'CMakeFiles/simple_parameter.dir/compiler_depend.make' has modification time 0.28 s in the future
[1.143s] [ 83%] [32mBuilding CXX object CMakeFiles/simple_parameter.dir/src/simple_parameter.cpp.o[0m
[3.916s] In file included from [01m[K/opt/ros/jazzy/include/rclcpp/rclcpp/utilities.hpp:19[m[K,
[3.917s]                  from [01m[K/opt/ros/jazzy/include/rclcpp/rclcpp/logging.hpp:25[m[K,
[3.918s]                  from [01m[K/opt/ros/jazzy/include/rclcpp/rclcpp/copy_all_parameter_values.hpp:27[m[K,
[3.919s]                  from [01m[K/opt/ros/jazzy/include/rclcpp/rclcpp/rclcpp.hpp:171[m[K,
[3.920s]                  from [01m[K/mnt/c/Users/nacho/OneDrive/Escritorio/Uni/Trabajo/TutorialROS2/arduinobot_ws/src/arduinobot_cpp_examples/src/simple_parameter.cpp:1[m[K:
[3.923s] /usr/include/c++/13/functional: In instantiation of â€˜[01m[Kstruct std::_Bind_check_arity<rcl_interfaces::msg::SetParametersResult_<std::allocator<void> > (SimpleParameter::*)(const std::vector<rclcpp::Parameter>&)>[m[Kâ€™:
[3.924s] [01m[K/usr/include/c++/13/functional:859:12:[m[K   required from â€˜[01m[Kstruct std::_Bind_helper<false, rcl_interfaces::msg::SetParametersResult_<std::allocator<void> > (SimpleParameter::*)(const std::vector<rclcpp::Parameter>&)>[m[Kâ€™
[3.925s] [01m[K/usr/include/c++/13/functional:881:5:[m[K   required by substitution of â€˜[01m[Ktemplate<class _Func, class ... _BoundArgs> typename std::_Bind_helper<std::__is_socketlike<_Func>::value, _Func, _BoundArgs ...>::type std::[01;32m[Kbind[m[K(_Func&&, _BoundArgs&& ...) [35m[K[with _Func = rcl_interfaces::msg::SetParametersResult_<std::allocator<void> > (SimpleParameter::*)(const std::vector<rclcpp::Parameter>&); _BoundArgs = {}][m[K[m[Kâ€™
[3.926s] [01m[K/mnt/c/Users/nacho/OneDrive/Escritorio/Uni/Trabajo/TutorialROS2/arduinobot_ws/src/arduinobot_cpp_examples/src/simple_parameter.cpp:18:45:[m[K   required from here
[3.926s] [01m[K/usr/include/c++/13/functional:847:21:[m[K [01;31m[Kerror: [m[Kstatic assertion failed: Wrong number of arguments for pointer-to-member
[3.927s]   846 |       static_assert(_Varargs::[01;31m[Kvalue[m[K
[3.928s]       |                               [01;31m[K~~~~~[m[K
[3.929s]   847 | [01;31m[K                    ? sizeof...(_BoundArgs) >= _Arity::value + 1[m[K
[3.929s]       |                     [01;31m[K^~~~~~~~~~~~~~~~~~~~~~~~~~~~~~~~~~~~~~~~~~~~[m[K
[3.930s]   848 | [01;31m[K                    : sizeof...(_BoundArgs) == _Arity::value + 1[m[K,
[3.931s]       |                     [01;31m[K~~~~~~~~~~~~~~~~~~~~~~~~~~~~~~~~~~~~~~~~~~~~[m[K
[3.932s] [01m[K/usr/include/c++/13/functional:847:21:[m[K [01;36m[Knote: [m[Kâ€˜[01m[K(false ? (0 >= (((long unsigned int)std::integral_constant<long unsigned int, 1>::value) + 1)) : (0 == (((long unsigned int)std::integral_constant<long unsigned int, 1>::value) + 1)))[m[Kâ€™ evaluates to false
[3.932s] /usr/include/c++/13/functional: In substitution of â€˜[01m[Ktemplate<class _Functor, class ... _Bound_args> template<class _Fn, class _CallArgs, class ... _BArgs> using std::_Bind<_Functor(_Bound_args ...)>::_Res_type_impl = typename std::result_of<_Fn&(decltype (std::_Mu<typename std::remove_cv<_BArgs>::type, std::is_bind_expression<typename std::remove_cv<_BArgs>::type>::value, (std::is_placeholder<typename std::remove_cv<_BArgs>::type>::value > 0)>()(declval<_BArgs&>(), declval<_CallArgs&>()))&& ...)>::type [35m[K[with _Fn = rcl_interfaces::msg::SetParametersResult_<std::allocator<void> > (SimpleParameter::*)(const std::vector<rclcpp::Parameter>&); _BArgs = _CallArgs; _Functor = rcl_interfaces::msg::SetParametersResult_<std::allocator<void> > (SimpleParameter::*)(const std::vector<rclcpp::Parameter>&); _Bound_args = {}][m[K[m[Kâ€™:
[3.933s] [01m[K/usr/include/c++/13/functional:556:8:[m[K   required from â€˜[01m[Kclass std::_Bind<rcl_interfaces::msg::SetParametersResult_<std::allocator<void> > (SimpleParameter::*())(const std::vector<rclcpp::Parameter>&)>[m[Kâ€™
[3.934s] [01m[K/mnt/c/Users/nacho/OneDrive/Escritorio/Uni/Trabajo/TutorialROS2/arduinobot_ws/src/arduinobot_cpp_examples/src/simple_parameter.cpp:18:45:[m[K   required from here
[3.935s] [01m[K/usr/include/c++/13/functional:552:15:[m[K [01;31m[Kerror: [m[Kno type named â€˜[01m[Ktype[m[Kâ€™ in â€˜[01m[Kstruct std::result_of<rcl_interfaces::msg::SetParametersResult_<std::allocator<void> > (SimpleParameter::*&())(const std::vector<rclcpp::Parameter>&)>[m[Kâ€™
[3.936s]   552 |         using [01;31m[K_Res_type_impl[m[K
[3.937s]       |               [01;31m[K^~~~~~~~~~~~~~[m[K
[3.937s] /usr/include/c++/13/functional: In substitution of â€˜[01m[Ktemplate<class _Functor, class ... _Bound_args> template<class _Fn, class _CallArgs, class ... _BArgs> using std::_Bind<_Functor(_Bound_args ...)>::_Res_type_impl = typename std::result_of<_Fn&(decltype (std::_Mu<typename std::remove_cv<_BArgs>::type, std::is_bind_expression<typename std::remove_cv<_BArgs>::type>::value, (std::is_placeholder<typename std::remove_cv<_BArgs>::type>::value > 0)>()(declval<_BArgs&>(), declval<_CallArgs&>()))&& ...)>::type [35m[K[with _Fn = rcl_interfaces::msg::SetParametersResult_<std::allocator<void> > (SimpleParameter::*)(const std::vector<rclcpp::Parameter>&); _CallArgs = std::tuple<_UTypes ...>; _BArgs = {}; _Functor = rcl_interfaces::msg::SetParametersResult_<std::allocator<void> > (SimpleParameter::*)(const std::vector<rclcpp::Parameter>&); _Bound_args = {}][m[K[m[Kâ€™:
[3.939s] [01m[K/usr/include/c++/13/functional:556:8:[m[K   required by substitution of â€˜[01m[Ktemplate<class _Functor, class ... _Bound_args> template<class _CallArgs> using std::_Bind<_Functor(_Bound_args ...)>::_Res_type = std::_Bind<_Functor(_Bound_args ...)>::_Res_type_impl<_Functor, _CallArgs, _Bound_args ...> [35m[K[with _CallArgs = std::tuple<_UTypes ...>; _Functor = rcl_interfaces::msg::SetParametersResult_<std::allocator<void> > (SimpleParameter::*)(const std::vector<rclcpp::Parameter>&); _Bound_args = {}][m[K[m[Kâ€™
[3.941s] [01m[K/usr/include/c++/13/functional:589:2:[m[K   required from â€˜[01m[Kclass std::_Bind<rcl_interfaces::msg::SetParametersResult_<std::allocator<void> > (SimpleParameter::*())(const std::vector<rclcpp::Parameter>&)>[m[Kâ€™
[3.941s] [01m[K/mnt/c/Users/nacho/OneDrive/Escritorio/Uni/Trabajo/TutorialROS2/arduinobot_ws/src/arduinobot_cpp_examples/src/simple_parameter.cpp:18:45:[m[K   required from here
[3.943s] [01m[K/usr/include/c++/13/functional:552:15:[m[K [01;31m[Kerror: [m[Kno type named â€˜[01m[Ktype[m[Kâ€™ in â€˜[01m[Kstruct std::result_of<rcl_interfaces::msg::SetParametersResult_<std::allocator<void> > (SimpleParameter::*&())(const std::vector<rclcpp::Parameter>&)>[m[Kâ€™
[3.944s] [01m[K/mnt/c/Users/nacho/OneDrive/Escritorio/Uni/Trabajo/TutorialROS2/arduinobot_ws/src/arduinobot_cpp_examples/src/simple_parameter.cpp:[m[K In constructor â€˜[01m[KSimpleParameter::[01;32m[KSimpleParameter[m[K()[m[Kâ€™:
[3.946s] [01m[K/mnt/c/Users/nacho/OneDrive/Escritorio/Uni/Trabajo/TutorialROS2/arduinobot_ws/src/arduinobot_cpp_examples/src/simple_parameter.cpp:18:45:[m[K [01;31m[Kerror: [m[Kcannot convert â€˜[01m[Kstd::_Bind_helper<false, rcl_interfaces::msg::SetParametersResult_<std::allocator<void> > (SimpleParameter::*)(const std::vector<rclcpp::Parameter>&)>::type[m[Kâ€™ to â€˜[01m[Krclcpp::Node::OnSetParametersCallbackType[m[Kâ€™ {aka â€˜[01m[Kstd::function<rcl_interfaces::msg::SetParametersResult_<std::allocator<void> >(const std::vector<rclcpp::Parameter>&)>[m[Kâ€™}
[3.947s]    18 | _set_parameters_callback([01;31m[Kstd::bind(&SimpleParameter::paramChangeCallback)[m[K)
[3.948s]       |                          [01;31m[K~~~~~~~~~^~~~~~~~~~~~~~~~~~~~~~~~~~~~~~~~~~~~~~~[m[K
[3.948s]       |                                   [01;31m[K|[m[K
[3.949s]       |                                   [01;31m[Kstd::_Bind_helper<false, rcl_interfaces::msg::SetParametersResult_<std::allocator<void> > (SimpleParameter::*)(const std::vector<rclcpp::Parameter>&)>::type[m[K
[3.951s] 
[3.952s] In file included from [01m[K/opt/ros/jazzy/include/rclcpp/rclcpp/executors/single_threaded_executor.hpp:28[m[K,
[3.953s]                  from [01m[K/opt/ros/jazzy/include/rclcpp/rclcpp/executors.hpp:22[m[K,
[3.953s]                  from [01m[K/opt/ros/jazzy/include/rclcpp/rclcpp/rclcpp.hpp:172[m[K:
[3.954s] [01m[K/opt/ros/jazzy/include/rclcpp/rclcpp/node.hpp:1159:62:[m[K [01;36m[Knote: [m[K  initializing argument 1 of â€˜[01m[Krclcpp::node_interfaces::OnSetParametersCallbackHandle::SharedPtr rclcpp::Node::[01;32m[Kadd_on_set_parameters_callback[m[K(OnSetParametersCallbackType)[m[Kâ€™
[3.956s]  1159 | llback([01;36m[KOnSetParametersCallbackType callback[m[K);
[3.957s]       |        [01;36m[K~~~~~~~~~~~~~~~~~~~~~~~~~~~~^~~~~~~~[m[K
[3.958s] 
[4.732s] gmake[2]: *** [CMakeFiles/simple_parameter.dir/build.make:76: CMakeFiles/simple_parameter.dir/src/simple_parameter.cpp.o] Error 1
[4.739s] gmake[1]: *** [CMakeFiles/Makefile2:193: CMakeFiles/simple_parameter.dir/all] Error 2
[4.743s] gmake: *** [Makefile:146: all] Error 2
[4.744s] Invoked command in '/mnt/c/Users/nacho/OneDrive/Escritorio/Uni/Trabajo/TutorialROS2/arduinobot_ws/build/arduinobot_cpp_examples' returned '2': CMAKE_PREFIX_PATH=${CMAKE_PREFIX_PATH}:/mnt/c/Users/nacho/OneDrive/Escritorio/Uni/Trabajo/TutorialROS2/arduinobot_ws/install/arduinobot_py_examples:/opt/ros/jazzy /usr/bin/cmake --build /mnt/c/Users/nacho/OneDrive/Escritorio/Uni/Trabajo/TutorialROS2/arduinobot_ws/build/arduinobot_cpp_examples -- -j20 -l20
