[0.109s] Invoking command in '/mnt/c/Users/nacho/OneDrive/Escritorio/Uni/Trabajo/TutorialROS2/arduinobot_ws/build/arduinobot_cpp_examples': CMAKE_PREFIX_PATH=${CMAKE_PREFIX_PATH}:/home/nacho/arduinobot_ws/install/arduinobot_py_examples:/opt/ros/jazzy /usr/bin/cmake --build /mnt/c/Users/nacho/OneDrive/Escritorio/Uni/Trabajo/TutorialROS2/arduinobot_ws/build/arduinobot_cpp_examples -- -j20 -l20
[0.295s] [ 50%] Built target simple_publisher
[0.497s] [ 75%] [32mBuilding CXX object CMakeFiles/simple_subscriber.dir/src/simple_subscriber.cpp.o[0m
[2.052s] [01m[K/mnt/c/Users/nacho/OneDrive/Escritorio/Uni/Trabajo/TutorialROS2/arduinobot_ws/src/arduinobot_cpp_examples/src/simple_subscriber.cpp:9:60:[m[K [01;31m[Kerror: [m[Kexpected â€˜[01m[K;[m[Kâ€™ at end of member declaration
[2.053s]     9 |     rclcpp::Subscription<std_msgs::msg::String>::SharedPtr [01;31m[Ksub_[m[K
[2.053s]       |                                                            [01;31m[K^~~~[m[K
[2.054s]       |                                                                [32m[K;[m[K
[2.054s] [01m[K/mnt/c/Users/nacho/OneDrive/Escritorio/Uni/Trabajo/TutorialROS2/arduinobot_ws/src/arduinobot_cpp_examples/src/simple_subscriber.cpp:[m[K In constructor â€˜[01m[KSimpleSubscriber::[01;32m[KSimpleSubscriber[m[K()[m[Kâ€™:
[2.055s] [01m[K/mnt/c/Users/nacho/OneDrive/Escritorio/Uni/Trabajo/TutorialROS2/arduinobot_ws/src/arduinobot_cpp_examples/src/simple_subscriber.cpp:13:119:[m[K [01;31m[Kerror: [m[Kexpected primary-expression before â€˜[01m[K,[m[Kâ€™ token
[2.055s]    13 | :msg::String>("chatter", 10, std::bind(SimpleSubscriber::msgCallback, this,[01;31m[K,[m[K _1));
[2.055s]       |                                                                            [01;31m[K^[m[K
[2.056s] 
[2.057s] [01m[K/mnt/c/Users/nacho/OneDrive/Escritorio/Uni/Trabajo/TutorialROS2/arduinobot_ws/src/arduinobot_cpp_examples/src/simple_subscriber.cpp:13:101:[m[K [01;31m[Kerror: [m[Kinvalid use of non-static member function â€˜[01m[Kvoid SimpleSubscriber::[01;32m[KmsgCallback[m[K(const std_msgs::msg::String&) const[m[Kâ€™
[2.057s]    13 | tion<std_msgs::msg::String>("chatter", 10, std::bind([01;31m[KSimpleSubscriber::msgCallback[m[K, this,, _1));
[2.058s]       |                                                      [01;31m[K~~~~~~~~~~~~~~~~~~^~~~~~~~~~~[m[K
[2.058s] 
[2.058s] [01m[K/mnt/c/Users/nacho/OneDrive/Escritorio/Uni/Trabajo/TutorialROS2/arduinobot_ws/src/arduinobot_cpp_examples/src/simple_subscriber.cpp:16:10:[m[K [01;36m[Knote: [m[Kdeclared here
[2.059s]    16 |     void [01;36m[KmsgCallback[m[K(const std_msgs::msg::String &msg) const
[2.059s]       |          [01;36m[K^~~~~~~~~~~[m[K
[2.466s] gmake[2]: *** [CMakeFiles/simple_subscriber.dir/build.make:76: CMakeFiles/simple_subscriber.dir/src/simple_subscriber.cpp.o] Error 1
[2.467s] gmake[1]: *** [CMakeFiles/Makefile2:165: CMakeFiles/simple_subscriber.dir/all] Error 2
[2.467s] gmake: *** [Makefile:146: all] Error 2
[2.468s] Invoked command in '/mnt/c/Users/nacho/OneDrive/Escritorio/Uni/Trabajo/TutorialROS2/arduinobot_ws/build/arduinobot_cpp_examples' returned '2': CMAKE_PREFIX_PATH=${CMAKE_PREFIX_PATH}:/home/nacho/arduinobot_ws/install/arduinobot_py_examples:/opt/ros/jazzy /usr/bin/cmake --build /mnt/c/Users/nacho/OneDrive/Escritorio/Uni/Trabajo/TutorialROS2/arduinobot_ws/build/arduinobot_cpp_examples -- -j20 -l20
